<?xml version="1.0" encoding="UTF-8"?>
<testsuite name="PasswordCheckerTestLog" tests="1" skipped="0" failures="0" errors="0" timestamp="2020-06-17T13:13:50" hostname="admin1-ThinkCentre-M72e" time="0.603">
  <properties/>
  <testcase name="digitPassword()" classname="PasswordCheckerTestLog" time="0.603"/>
  <system-out><![CDATA[15:13:51.164 [Test worker] ERROR PasswordCheckerLogs - password should have at least one digit
]]></system-out>
  <system-err><![CDATA[]]></system-err>
</testsuite>
