<?xml version="1.0" encoding="UTF-8"?>
<testsuite name="PasswordCheckerTestLog" tests="1" skipped="0" failures="0" errors="0" timestamp="2020-03-09T13:02:29" hostname="admin1-ThinkCentre-M72e" time="0.607">
  <properties/>
  <testcase name="exisitingPassword()" classname="PasswordCheckerTestLog" time="0.607"/>
  <system-out><![CDATA[2020-03-09 15:02:30,071 | PasswordCheckerLogs: password should exist
]]></system-out>
  <system-err><![CDATA[]]></system-err>
</testsuite>
